<?xml version="1.0" encoding="UTF-8"?>
<testsuite xmlns:xsi="http://www.w3.org/2001/XMLSchema-instance" xsi:noNamespaceSchemaLocation="https://maven.apache.org/surefire/maven-surefire-plugin/xsd/surefire-test-report.xsd" name="NeedForSpeedTest" time="1.676" tests="14" errors="0" skipped="0" failures="0">
  <properties>
[...]
</properties>
  <testcase name="new_remote_control_car_has_not_driven_any_distance" classname="NeedForSpeedTest" time="1.083"/>
  <testcase name="drive_until_battery_is_drained" classname="NeedForSpeedTest" time="0.005"/>
  <testcase name="nitro_car_has_battery_not_drained" classname="NeedForSpeedTest" time="0"/>
  <testcase name="new_remote_control_car_battery_is_not_drained" classname="NeedForSpeedTest" time="0"/>
  <testcase name="car_can_finish_with_car_that_just_cannot_finish" classname="NeedForSpeedTest" time="0.003"/>
  <testcase name="drive_increases_distance_driven_with_speed" classname="NeedForSpeedTest" time="0"/>
  <testcase name="car_can_finish_with_car_that_can_easily_finish" classname="NeedForSpeedTest" time="0"/>
  <testcase name="drive_does_not_increase_distance_driven_when_battery_drained" classname="NeedForSpeedTest" time="0"/>
  <testcase name="nitro_has_correct_battery_drain" classname="NeedForSpeedTest" time="0"/>
  <testcase name="car_can_finish_with_car_that_can_just_finish" classname="NeedForSpeedTest" time="0"/>
  <testcase name="nitro_car_has_correct_speed" classname="NeedForSpeedTest" time="0"/>
  <testcase name="nitro_car_has_not_driven_any_distance" classname="NeedForSpeedTest" time="0.082"/>
  <testcase name="car_can_finish_with_car_that_cannot_finish" classname="NeedForSpeedTest" time="0"/>
  <testcase name="drive_to_almost_drain_battery" classname="NeedForSpeedTest" time="0"/>
</testsuite>